c:\users\user\desktop\временный рабочий стол\fish final\fish5000\fish5000\debug\vc142.pdb
c:\users\user\desktop\временный рабочий стол\fish final\fish5000\fish5000\debug\.netframework,version=v4.6.1.assemblyattributes.obj
c:\users\user\desktop\временный рабочий стол\fish final\fish5000\fish5000\debug\.netframework,version=v4.6.1.assemblyattributes.asm
c:\users\user\desktop\временный рабочий стол\fish final\fish5000\fish5000\debug\playground.obj
c:\users\user\desktop\временный рабочий стол\fish final\fish5000\fish5000\debug\fish5000.playground.resources
c:\users\user\desktop\временный рабочий стол\fish final\fish5000\debug\fish5000.exe
c:\users\user\desktop\временный рабочий стол\fish final\fish5000\debug\fish5000.pdb
c:\users\user\desktop\временный рабочий стол\fish final\fish5000\fish5000\debug\fish5000.vcxproj.generateresource.cache
c:\users\user\desktop\временный рабочий стол\fish final\fish5000\fish5000\debug\fish5000.vcxprojassemblyreference.cache
c:\users\user\desktop\временный рабочий стол\fish final\fish5000\fish5000\debug\fish5000.tlog\cl.command.1.tlog
c:\users\user\desktop\временный рабочий стол\fish final\fish5000\fish5000\debug\fish5000.tlog\cl.read.1.tlog
c:\users\user\desktop\временный рабочий стол\fish final\fish5000\fish5000\debug\fish5000.tlog\cl.write.1.tlog
c:\users\user\desktop\временный рабочий стол\fish final\fish5000\fish5000\debug\fish5000.tlog\fish5000.write.1u.tlog
c:\users\user\desktop\временный рабочий стол\fish final\fish5000\fish5000\debug\fish5000.tlog\link.10436.delete.1.tlog
c:\users\user\desktop\временный рабочий стол\fish final\fish5000\fish5000\debug\fish5000.tlog\link.1776.delete.1.tlog
c:\users\user\desktop\временный рабочий стол\fish final\fish5000\fish5000\debug\fish5000.tlog\link.5508.delete.1.tlog
c:\users\user\desktop\временный рабочий стол\fish final\fish5000\fish5000\debug\fish5000.tlog\link.9184.delete.1.tlog
c:\users\user\desktop\временный рабочий стол\fish final\fish5000\fish5000\debug\fish5000.tlog\link.command.1.tlog
c:\users\user\desktop\временный рабочий стол\fish final\fish5000\fish5000\debug\fish5000.tlog\link.read.1.tlog
c:\users\user\desktop\временный рабочий стол\fish final\fish5000\fish5000\debug\fish5000.tlog\link.write.1.tlog
c:\users\user\desktop\временный рабочий стол\fish final\fish5000\fish5000\debug\fish5000.tlog\metagen.read.1.tlog
c:\users\user\desktop\временный рабочий стол\fish final\fish5000\fish5000\debug\fish5000.tlog\metagen.write.1.tlog
